<?xml version="1.0" encoding="UTF-8"?>
<beans xmlns="http://www.springframework.org/schema/beans"
	xmlns:xsi="http://www.w3.org/2001/XMLSchema-instance"
	xmlns:aop="http://www.springframework.org/schema/aop"
	xmlns:context="http://www.springframework.org/schema/context"
	xmlns:tx="http://www.springframework.org/schema/tx"
	xsi:schemaLocation="http://www.springframework.org/schema/beans 
        http://www.springframework.org/schema/beans/spring-beans.xsd
        http://www.springframework.org/schema/aop 
   		http://www.springframework.org/schema/aop/spring-aop-3.0.xsd
   		http://www.springframework.org/schema/context
   		http://www.springframework.org/schema/context/spring-context-3.0.xsd
   		http://www.springframework.org/schema/tx 
   		http://www.springframework.org/schema/tx/spring-tx-3.0.xsd">

	<context:annotation-config />

	<bean id="dataSource"
		class="org.springframework.jdbc.datasource.SimpleDriverDataSource">
		<property name="driverClass" value="com.mysql.jdbc.Driver" />
		<property name="url"
			value="jdbc:mysql://localhost/testdb?verifyServerCertificate=false&amp;useSSL=false&amp;characterEncoding=UTF-8" />
		<property name="username" value="spring" />
		<property name="password" value="book" />
	</bean>

	<bean id="transactionManager"
		class="org.springframework.jdbc.datasource.DataSourceTransactionManager">
		<property name="dataSource" ref="dataSource" />
	</bean>

	<!-- aop -->
	<tx:annotation-driven/>

	<!-- application components -->
	<bean id="userDao" class="me.ujuin81.user.dao.UserDaoJdbc">
		<property name="dataSource" ref="dataSource" />
		<property name="sqlService" ref="sqlService" />
	</bean>
	
	<bean id="sqlService" class="me.ujuin81.user.sqlservice.OxmSqlService">
		<property name="unmarshaller" ref="unmarshaller" />
		<property name="sqlmap" value="classpath:me/ujuin81/user/dao/sqlmap.xml" />
	</bean>
	
	<bean id="unmarshaller" class="org.springframework.oxm.jaxb.Jaxb2Marshaller">
		<property name="contextPath" value="me.ujuin81.user.sqlservice.jaxb" />
	</bean>

	<bean id="userService"
		class="me.ujuin81.user.service.UserServiceImpl">
		<property name="userDao" ref="userDao" />
		<property name="mailSender" ref="mailSender" />
	</bean>

	<bean id="testUserService"
		class="me.ujuin81.user.service.UserServiceTest$TestUserService"
		parent="userService" />

	<bean id="mailSender"
		class="me.ujuin81.user.service.DummyMailSender" />
</beans>
