<?xml version="1.0" encoding="UTF-8"?>
<beans xmlns="http://www.springframework.org/schema/beans"
    xmlns:xsi="http://www.w3.org/2001/XMLSchema-instance"
    xsi:schemaLocation="http://www.springframework.org/schema/beans 
        http://www.springframework.org/schema/beans/spring-beans.xsd">
        

	<bean id="dataSource" class="org.springframework.jdbc.datasource.SimpleDriverDataSource">
		<property name="driverClass" value="com.mysql.jdbc.Driver" />
		<property name="url" value="jdbc:mysql://localhost/testdb?verifyServerCertificate=false&amp;useSSL=false" />
		<property name="username" value="spring" />
		<property name="password" value="book" />
	</bean>
	
	<bean id="userService" class="me.ujuin81.user.service.UserService">
		<property name="userDao" ref="userDao"></property>
		<property name="transactionManager" ref="transactionManager"></property>
		<property name="mailSender" ref="mailSender"></property>
	</bean>
	
	<bean id="mailSender" class="me.ujuin81.user.service.DummyMailSender" />
	
	<bean id="transactionManager" class="org.springframework.jdbc.datasource.DataSourceTransactionManager">
		<property name="dataSource" ref="dataSource" />
	</bean>
	
	<bean id="userDao" class="me.ujuin81.user.dao.UserDaoJdbc">
		<property name="dataSource" ref="dataSource" />
	</bean>
        
</beans>
